[debug] [2023-12-09T05:03:14.096Z] ----------------------------------------------------------------------
[debug] [2023-12-09T05:03:14.099Z] Command:       C:\Program Files\nodejs\node.exe C:\Users\filip\AppData\Roaming\npm\node_modules\firebase-tools\lib\bin\firebase.js init
[debug] [2023-12-09T05:03:14.099Z] CLI Version:   12.9.1
[debug] [2023-12-09T05:03:14.099Z] Platform:      win32
[debug] [2023-12-09T05:03:14.099Z] Node Version:  v20.9.0
[debug] [2023-12-09T05:03:14.099Z] Time:          Fri Dec 08 2023 21:03:14 GMT-0800 (Pacific Standard Time)
[debug] [2023-12-09T05:03:14.099Z] ----------------------------------------------------------------------
[debug] 
[debug] [2023-12-09T05:03:14.102Z] >>> [apiv2][query] GET https://firebase-public.firebaseio.com/cli.json [none]
[debug] [2023-12-09T05:03:14.190Z] > command requires scopes: ["email","openid","https://www.googleapis.com/auth/cloudplatformprojects.readonly","https://www.googleapis.com/auth/firebase","https://www.googleapis.com/auth/cloud-platform"]
[debug] [2023-12-09T05:03:14.190Z] > authorizing via signed-in user (filip.budd@gmail.com)
[info] 
     ######## #### ########  ######## ########     ###     ######  ########
     ##        ##  ##     ## ##       ##     ##  ##   ##  ##       ##
     ######    ##  ########  ######   ########  #########  ######  ######
     ##        ##  ##    ##  ##       ##     ## ##     ##       ## ##
     ##       #### ##     ## ######## ########  ##     ##  ######  ########

You're about to initialize a Firebase project in this directory:

  C:\Users\filip\Documents\comp1800\1800_202330_BBY10

Before we get started, keep in mind:

  * You are initializing within an existing Firebase project directory

[debug] [2023-12-09T05:03:14.391Z] <<< [apiv2][status] GET https://firebase-public.firebaseio.com/cli.json 200
[debug] [2023-12-09T05:03:14.391Z] <<< [apiv2][body] GET https://firebase-public.firebaseio.com/cli.json {"cloudBuildErrorAfter":1594252800000,"cloudBuildWarnAfter":1590019200000,"defaultNode10After":1594252800000,"minVersion":"3.0.5","node8DeploysDisabledAfter":1613390400000,"node8RuntimeDisabledAfter":1615809600000,"node8WarnAfter":1600128000000}
